0 info it worked if it ends with ok
1 verbose cli [ 'node',
1 verbose cli   '/usr/local/bin/npm',
1 verbose cli   'install',
1 verbose cli   '-g',
1 verbose cli   'install',
1 verbose cli   'weinre' ]
2 info using npm@2.11.3
3 info using node@v0.12.7
4 verbose install initial load of /usr/local/lib/package.json
5 verbose readDependencies loading dependencies from /usr/local/lib/package.json
6 silly cache add args [ 'install', null ]
7 verbose cache add spec install
8 silly cache add args [ 'weinre', null ]
9 verbose cache add spec weinre
10 silly cache add parsed spec { raw: 'install',
10 silly cache add   scope: null,
10 silly cache add   name: 'install',
10 silly cache add   rawSpec: '',
10 silly cache add   spec: '*',
10 silly cache add   type: 'range' }
11 silly addNamed install@*
12 verbose addNamed "*" is a valid semver range for install
13 silly addNameRange { name: 'install', range: '*', hasData: false }
14 silly mapToRegistry name install
15 silly mapToRegistry using default registry
16 silly mapToRegistry registry https://registry.npmjs.org/
17 silly mapToRegistry uri https://registry.npmjs.org/install
18 verbose addNameRange registry:https://registry.npmjs.org/install not in flight; fetching
19 silly cache add parsed spec { raw: 'weinre',
19 silly cache add   scope: null,
19 silly cache add   name: 'weinre',
19 silly cache add   rawSpec: '',
19 silly cache add   spec: '*',
19 silly cache add   type: 'range' }
20 silly addNamed weinre@*
21 verbose addNamed "*" is a valid semver range for weinre
22 silly addNameRange { name: 'weinre', range: '*', hasData: false }
23 silly mapToRegistry name weinre
24 silly mapToRegistry using default registry
25 silly mapToRegistry registry https://registry.npmjs.org/
26 silly mapToRegistry uri https://registry.npmjs.org/weinre
27 verbose addNameRange registry:https://registry.npmjs.org/weinre not in flight; fetching
28 verbose request uri https://registry.npmjs.org/install
29 verbose request no auth needed
30 info attempt registry request try #1 at 10:46:01 PM
31 verbose request id cf91aca630a1a6c9
32 http request GET https://registry.npmjs.org/install
33 verbose request uri https://registry.npmjs.org/weinre
34 verbose request no auth needed
35 info attempt registry request try #1 at 10:46:02 PM
36 http request GET https://registry.npmjs.org/weinre
37 http 200 https://registry.npmjs.org/install
38 silly get cb [ 200,
38 silly get   { server: 'CouchDB/1.5.0 (Erlang OTP/R16B03)',
38 silly get     etag: '"E366EZ1PP0PRHGRS019U820V3"',
38 silly get     'content-type': 'application/json',
38 silly get     'cache-control': 'max-age=60',
38 silly get     'content-length': '10423',
38 silly get     'accept-ranges': 'bytes',
38 silly get     date: 'Thu, 20 Aug 2015 05:46:02 GMT',
38 silly get     via: '1.1 varnish',
38 silly get     age: '2',
38 silly get     connection: 'keep-alive',
38 silly get     'x-served-by': 'cache-sjc3121-SJC',
38 silly get     'x-cache': 'HIT',
38 silly get     'x-cache-hits': '61',
38 silly get     'x-timer': 'S1440049562.259207,VS0,VE0',
38 silly get     vary: 'Accept' } ]
39 verbose get saving install to /Users/austinsun/.npm/registry.npmjs.org/install/.cache.json
40 silly addNameRange number 2 { name: 'install', range: '*', hasData: true }
41 silly addNameRange versions [ 'install',
41 silly addNameRange   [ '0.1.1',
41 silly addNameRange     '0.1.2',
41 silly addNameRange     '0.1.3',
41 silly addNameRange     '0.1.4',
41 silly addNameRange     '0.1.5',
41 silly addNameRange     '0.1.6',
41 silly addNameRange     '0.1.7',
41 silly addNameRange     '0.1.8' ] ]
42 silly addNamed install@0.1.8
43 verbose addNamed "0.1.8" is a plain semver version for install
44 silly mapToRegistry name install
45 silly mapToRegistry using default registry
46 silly mapToRegistry registry https://registry.npmjs.org/
47 silly mapToRegistry uri https://registry.npmjs.org/install
48 verbose addRemoteTarball https://registry.npmjs.org/install/-/install-0.1.8.tgz not in flight; adding
49 verbose addRemoteTarball [ 'https://registry.npmjs.org/install/-/install-0.1.8.tgz',
49 verbose addRemoteTarball   '9980ef93e30dfb534778d163bc86ddd472ad5fe8' ]
50 info retry fetch attempt 1 at 10:46:02 PM
51 info attempt registry request try #1 at 10:46:02 PM
52 http fetch GET https://registry.npmjs.org/install/-/install-0.1.8.tgz
53 http 200 https://registry.npmjs.org/weinre
54 silly get cb [ 200,
54 silly get   { server: 'CouchDB/1.5.0 (Erlang OTP/R16B03)',
54 silly get     etag: '"34N2UQKETK3L7FOSSWZ4Y1A21"',
54 silly get     'content-type': 'application/json',
54 silly get     'cache-control': 'max-age=60',
54 silly get     'content-length': '18547',
54 silly get     'accept-ranges': 'bytes',
54 silly get     date: 'Thu, 20 Aug 2015 05:46:02 GMT',
54 silly get     via: '1.1 varnish',
54 silly get     age: '0',
54 silly get     connection: 'keep-alive',
54 silly get     'x-served-by': 'cache-sjc3132-SJC',
54 silly get     'x-cache': 'HIT',
54 silly get     'x-cache-hits': '1',
54 silly get     'x-timer': 'S1440049562.260509,VS0,VE38',
54 silly get     vary: 'Accept' } ]
55 verbose get saving weinre to /Users/austinsun/.npm/registry.npmjs.org/weinre/.cache.json
56 silly addNameRange number 2 { name: 'weinre', range: '*', hasData: true }
57 silly addNameRange versions [ 'weinre',
57 silly addNameRange   [ '2.0.0-pre-H0WTHDO5-incubating',
57 silly addNameRange     '2.0.0-pre-H1GCS73N-incubating',
57 silly addNameRange     '2.0.0-pre-H3FWTQKQ-incubating',
57 silly addNameRange     '2.0.0-pre-H41DGW8S-incubating',
57 silly addNameRange     '2.0.0-pre-H8EOSCLN-incubating',
57 silly addNameRange     '2.0.0-pre-H9PU2WST-incubating',
57 silly addNameRange     '2.0.0-pre-HA5N9T49',
57 silly addNameRange     '2.0.0-pre-HG9PLCRF',
57 silly addNameRange     '2.0.0-pre-HH0SN197',
57 silly addNameRange     '2.0.0-pre-HYFXM3QM',
57 silly addNameRange     '2.0.0-pre-HZ79PDUK',
57 silly addNameRange     '2.0.0-pre-HZO3BMNG',
57 silly addNameRange     '2.0.0-pre-I0Z7U9OV' ] ]
58 http fetch 200 https://registry.npmjs.org/install/-/install-0.1.8.tgz
59 silly fetchAndShaCheck shasum 9980ef93e30dfb534778d163bc86ddd472ad5fe8
60 verbose addTmpTarball /tmp/npm-54559-7423b7c3/registry.npmjs.org/install/-/install-0.1.8.tgz not in flight; adding
61 verbose addTmpTarball already have metadata; skipping unpack for install@0.1.8
62 silly cache afterAdd install@0.1.8
63 verbose afterAdd /Users/austinsun/.npm/install/0.1.8/package/package.json not in flight; writing
64 verbose afterAdd /Users/austinsun/.npm/install/0.1.8/package/package.json written
65 verbose stack Error: No compatible version found: weinre@'*'
65 verbose stack Valid install targets:
65 verbose stack ["2.0.0-pre-H0WTHDO5-incubating","2.0.0-pre-H1GCS73N-incubating","2.0.0-pre-H3FWTQKQ-incubating","2.0.0-pre-H41DGW8S-incubating","2.0.0-pre-H8EOSCLN-incubating","2.0.0-pre-H9PU2WST-incubating","2.0.0-pre-HA5N9T49","2.0.0-pre-HG9PLCRF","2.0.0-pre-HH0SN197","2.0.0-pre-HYFXM3QM","2.0.0-pre-HZ79PDUK","2.0.0-pre-HZO3BMNG","2.0.0-pre-I0Z7U9OV"]
65 verbose stack
65 verbose stack     at installTargetsError (/usr/local/lib/node_modules/npm/lib/cache/add-named.js:274:12)
65 verbose stack     at next (/usr/local/lib/node_modules/npm/lib/cache/add-named.js:253:17)
65 verbose stack     at setData (/usr/local/lib/node_modules/npm/lib/cache/add-named.js:230:5)
65 verbose stack     at RES (/usr/local/lib/node_modules/npm/node_modules/inflight/inflight.js:23:14)
65 verbose stack     at f (/usr/local/lib/node_modules/npm/node_modules/once/once.js:17:25)
65 verbose stack     at fixName (/usr/local/lib/node_modules/npm/lib/cache/add-named.js:29:5)
65 verbose stack     at saved (/usr/local/lib/node_modules/npm/lib/cache/caching-client.js:173:7)
65 verbose stack     at FSReqWrap.oncomplete (fs.js:95:15)
66 verbose cwd /Users/austinsun/Documents/testLogin
67 error Darwin 14.4.0
68 error argv "node" "/usr/local/bin/npm" "install" "-g" "install" "weinre"
69 error node v0.12.7
70 error npm  v2.11.3
71 error code ETARGET
72 error notarget No compatible version found: weinre@'*'
72 error notarget Valid install targets:
72 error notarget ["2.0.0-pre-H0WTHDO5-incubating","2.0.0-pre-H1GCS73N-incubating","2.0.0-pre-H3FWTQKQ-incubating","2.0.0-pre-H41DGW8S-incubating","2.0.0-pre-H8EOSCLN-incubating","2.0.0-pre-H9PU2WST-incubating","2.0.0-pre-HA5N9T49","2.0.0-pre-HG9PLCRF","2.0.0-pre-HH0SN197","2.0.0-pre-HYFXM3QM","2.0.0-pre-HZ79PDUK","2.0.0-pre-HZO3BMNG","2.0.0-pre-I0Z7U9OV"]
72 error notarget
72 error notarget This is most likely not a problem with npm itself.
72 error notarget In most cases you or one of your dependencies are requesting
72 error notarget a package version that doesn't exist.
73 verbose exit [ 1, true ]
